Arguments: 
  C:\Program Files\nodejs\node.exe C:\Users\HP\AppData\Roaming\npm\node_modules\yarn\bin\yarn.js add moralis

PATH: 
  C:\Program Files (x86)\Common Files\Oracle\Java\javapath;C:\Program Files\ImageMagick-7.1.1-Q16-HDRI;C:\WINDOWS\system32;C:\WINDOWS;C:\WINDOWS\System32\Wbem;C:\WINDOWS\System32\WindowsPowerShell\v1.0\;C:\WINDOWS\System32\OpenSSH\;C:\Program Files\Git\cmd;C:\ProgramData\chocolatey\bin;C:\Users\HP\AppData\Roaming\nvm;C:\Program Files\nodejs;C:\Users\HP\AppData\Local\Programs\Python\Python311\Scripts\;C:\Users\HP\AppData\Local\Programs\Python\Python311\;C:\Users\HP\AppData\Local\Microsoft\WindowsApps;C:\Users\HP\AppData\Local\Programs\Microsoft VS Code\bin;C:\Users\HP\AppData\Local\GitHubDesktop\bin;C:\Users\HP\AppData\Roaming\npm;C:\Program Files\heroku\bin;C:\Users\HP\AppData\Roaming\nvm;C:\Program Files\nodejs

Yarn version: 
  1.22.19

Node version: 
  20.9.0

Platform: 
  win32 x64

Trace: 
  Error: EPERM: operation not permitted, unlink 'C:\Users\HP\Videos\sre\NCSC Frontend\node_modules\@esbuild\win32-x64\esbuild.exe'

npm manifest: 
  {
    "name": "ncsc-frontend",
    "version": "1.4.0",
    "type": "module",
    "scripts": {
      "start": "vite --port 3000 --open",
      "dev": "vite --port 3000 --open",
      "build": "vite build",
      "serve": "vite preview --open",
      "test": "vitest"
    },
    "dependencies": {
      "@alch/alchemy-web3": "^1.4.7",
      "@headlessui/react": "^2.1.3",
      "@heroicons/react": "^2.1.5",
      "ethers": "^6.13.2",
      "react": "^18.2.0",
      "react-dom": "^18.2.0"
    },
    "devDependencies": {
      "@testing-library/jest-dom": "^6.1.6",
      "@testing-library/react": "^14.1.2",
      "@vitejs/plugin-react": "^4.2.1",
      "autoprefixer": "^10.4.20",
      "jsdom": "^23.0.1",
      "postcss": "^8.4.41",
      "tailwindcss": "^3.4.10",
      "vite": "^5.0.8",
      "vitest": "^1.1.1"
    },
    "description": "<h1 align=\"center\">\r   Vite Template React\r </h1>",
    "main": "vite.config.js",
    "author": "",
    "license": "ISC"
  }

yarn manifest: 
  No manifest

Lockfile: 
  No lockfile
